[2022-09-01 00:01:53.871 +00:00] [INF] [1] Main: Jellyfin version: "10.8.4"
[2022-09-01 00:01:53.953 +00:00] [INF] [1] Main: Environment Variables: ["[JELLYFIN_CACHE_DIR, /config/cache]", "[JELLYFIN_DATA_DIR, /config/data]", "[JELLYFIN_LOG_DIR, /config/log]", "[JELLYFIN_CONFIG_DIR, /config]"]
[2022-09-01 00:01:53.958 +00:00] [INF] [1] Main: Arguments: ["/usr/lib/jellyfin/bin/jellyfin.dll", "--ffmpeg=/usr/lib/jellyfin-ffmpeg/ffmpeg", "--webdir=/usr/share/jellyfin/web"]
[2022-09-01 00:01:53.959 +00:00] [INF] [1] Main: Operating system: "Linux"
[2022-09-01 00:01:53.959 +00:00] [INF] [1] Main: Architecture: X64
[2022-09-01 00:01:53.960 +00:00] [INF] [1] Main: 64-Bit Process: True
[2022-09-01 00:01:53.960 +00:00] [INF] [1] Main: User Interactive: True
[2022-09-01 00:01:53.960 +00:00] [INF] [1] Main: Processor count: 8
[2022-09-01 00:01:53.960 +00:00] [INF] [1] Main: Program data path: "/config/data"
[2022-09-01 00:01:53.961 +00:00] [INF] [1] Main: Web resources path: "/usr/share/jellyfin/web"
[2022-09-01 00:01:53.961 +00:00] [INF] [1] Main: Application directory: "/usr/lib/jellyfin/bin/"
[2022-09-01 00:01:54.393 +00:00] [INF] [1] Jellyfin.Server.Migrations.MigrationRunner: Applying migration '"CreateNetworkConfiguration"'
[2022-09-01 00:01:54.467 +00:00] [INF] [1] Jellyfin.Server.Migrations.MigrationRunner: Migration '"CreateNetworkConfiguration"' applied successfully
[2022-09-01 00:01:54.569 +00:00] [INF] [1] Emby.Server.Implementations.AppBase.BaseConfigurationManager: Setting cache path: "/config/cache"
[2022-09-01 00:01:54.661 +00:00] [INF] [1] Emby.Server.Implementations.ApplicationHost: Loading assemblies
[2022-09-01 00:01:55.017 +00:00] [INF] [1] Jellyfin.Networking.Manager.NetworkManager: Defined LAN addresses : "[10.0.0.0/8,172.16.0.0/12,192.168.0.0/16]"
[2022-09-01 00:01:55.017 +00:00] [INF] [1] Jellyfin.Networking.Manager.NetworkManager: Defined LAN exclusions : "[]"
[2022-09-01 00:01:55.019 +00:00] [INF] [1] Jellyfin.Networking.Manager.NetworkManager: Using LAN addresses: "[10.0.0.0/8,172.16.0.0/12,192.168.0.0/16]"
[2022-09-01 00:01:55.029 +00:00] [INF] [1] Jellyfin.Networking.Manager.NetworkManager: Using bind addresses: "[]"
[2022-09-01 00:01:55.029 +00:00] [INF] [1] Jellyfin.Networking.Manager.NetworkManager: Using bind exclusions: "[]"
[2022-09-01 00:01:58.461 +00:00] [INF] [1] Emby.Server.Implementations.Plugins.PluginManager: Loaded plugin: "TMDb" "10.8.4.0"
[2022-09-01 00:01:58.462 +00:00] [INF] [1] Emby.Server.Implementations.Plugins.PluginManager: Loaded plugin: "Studio Images" "10.8.4.0"
[2022-09-01 00:01:58.463 +00:00] [INF] [1] Emby.Server.Implementations.Plugins.PluginManager: Loaded plugin: "OMDb" "10.8.4.0"
[2022-09-01 00:01:58.463 +00:00] [INF] [1] Emby.Server.Implementations.Plugins.PluginManager: Loaded plugin: "MusicBrainz" "10.8.4.0"
[2022-09-01 00:01:58.464 +00:00] [INF] [1] Emby.Server.Implementations.Plugins.PluginManager: Loaded plugin: "AudioDB" "10.8.4.0"
[2022-09-01 00:01:58.600 +00:00] [INF] [1] Main: Kestrel listening on "Any IP4 Address"
[2022-09-01 00:01:58.748 +00:00] [WRN] [1] Microsoft.AspNetCore.DataProtection.Repositories.EphemeralXmlRepository: Using an in-memory repository. Keys will not be persisted to storage.
[2022-09-01 00:01:58.748 +00:00] [WRN] [1] Microsoft.AspNetCore.DataProtection.KeyManagement.XmlKeyManager: Neither user profile nor HKLM registry available. Using an ephemeral key repository. Protected data will be unavailable when application exits.
[2022-09-01 00:01:59.242 +00:00] [WRN] [1] Microsoft.AspNetCore.DataProtection.KeyManagement.XmlKeyManager: No XML encryptor configured. Key {960e42af-05b4-4b23-a3c7-94e0e9f0c511} may be persisted to storage in unencrypted form.
[2022-09-01 00:01:59.298 +00:00] [INF] [1] Emby.Server.Implementations.ApplicationHost: Running startup tasks
[2022-09-01 00:01:59.350 +00:00] [INF] [1] Emby.Server.Implementations.ScheduledTasks.TaskManager: Daily trigger for "Extract Chapter Images" set to fire at 2022-09-01 02:00:00.000 +00:00, which is 01:58:00.6496120 from now.
[2022-09-01 00:02:00.088 +00:00] [INF] [1] MediaBrowser.MediaEncoding.Encoder.MediaEncoder: Found ffmpeg version "5.1"
[2022-09-01 00:02:00.217 +00:00] [INF] [1] MediaBrowser.MediaEncoding.Encoder.MediaEncoder: Available "decoders": ["libdav1d", "av1", "av1_cuvid", "av1_qsv", "h264", "h264_qsv", "h264_cuvid", "hevc", "hevc_qsv", "hevc_cuvid", "mpeg2video", "mpeg2_qsv", "mpeg2_cuvid", "mpeg4", "mpeg4_cuvid", "msmpeg4", "vc1_qsv", "vc1_cuvid", "vp8", "libvpx", "vp8_cuvid", "vp8_qsv", "vp9", "libvpx-vp9", "vp9_cuvid", "vp9_qsv", "aac", "ac3", "flac", "mp3"]
[2022-09-01 00:02:00.245 +00:00] [INF] [1] MediaBrowser.MediaEncoding.Encoder.MediaEncoder: Available "encoders": ["libx264", "h264_amf", "h264_nvenc", "h264_qsv", "h264_v4l2m2m", "h264_vaapi", "libx265", "hevc_amf", "hevc_nvenc", "hevc_qsv", "hevc_vaapi", "mpeg4", "msmpeg4", "libvpx", "libvpx-vp9", "aac", "libfdk_aac", "ac3", "flac", "libmp3lame", "libopus", "libvorbis", "srt"]
[2022-09-01 00:02:00.290 +00:00] [INF] [1] MediaBrowser.MediaEncoding.Encoder.MediaEncoder: Available filters: ["deinterlace_qsv", "deinterlace_vaapi", "hwupload_cuda", "hwupload_vaapi", "overlay_opencl", "overlay_qsv", "overlay_vaapi", "overlay_cuda", "procamp_vaapi", "scale_cuda", "scale_opencl", "scale_qsv", "scale_vaapi", "tonemap_cuda", "tonemap_opencl", "tonemap_vaapi", "vpp_qsv", "yadif_cuda", "zscale", "alphasrc"]
[2022-09-01 00:02:00.469 +00:00] [INF] [1] MediaBrowser.MediaEncoding.Encoder.MediaEncoder: Available hwaccel types: ["cuda", "vaapi", "qsv", "drm", "opencl", "vulkan"]
[2022-09-01 00:02:00.496 +00:00] [INF] [1] MediaBrowser.MediaEncoding.Encoder.MediaEncoder: FFmpeg: "/usr/lib/jellyfin-ffmpeg/ffmpeg"
[2022-09-01 00:02:00.515 +00:00] [INF] [1] Emby.Server.Implementations.ApplicationHost: ServerId: "09e881bad2d148cda497aee7a84f36d4"
[2022-09-01 00:02:00.838 +00:00] [INF] [1] Emby.Server.Implementations.ApplicationHost: Executed all pre-startup entry points in 0:00:00.3014041
[2022-09-01 00:02:00.838 +00:00] [INF] [1] Emby.Server.Implementations.ApplicationHost: Core startup complete
[2022-09-01 00:02:01.036 +00:00] [INF] [1] Emby.Server.Implementations.ApplicationHost: Executed all post-startup entry points in 0:00:00.1976128
[2022-09-01 00:02:01.036 +00:00] [INF] [1] Main: Startup complete 0:00:07.9859542
[2022-09-01 00:02:02.415 +00:00] [INF] [10] Emby.Server.Implementations.ScheduledTasks.TaskManager: "StartupTrigger" fired for task: "Update Plugins"
[2022-09-01 00:02:02.417 +00:00] [INF] [10] Emby.Server.Implementations.ScheduledTasks.TaskManager: Queuing task "PluginUpdateTask"
[2022-09-01 00:02:02.424 +00:00] [INF] [13] Emby.Server.Implementations.ScheduledTasks.TaskManager: Executing "Update Plugins"
[2022-09-01 00:02:03.398 +00:00] [INF] [8] Emby.Server.Implementations.ScheduledTasks.TaskManager: "Update Plugins" Completed after 0 minute(s) and 0 seconds
[2022-09-01 00:02:03.409 +00:00] [INF] [8] Emby.Server.Implementations.ScheduledTasks.TaskManager: ExecuteQueuedTasks
[2022-09-01 00:09:32.195 +00:00] [WRN] [69] Jellyfin.Server.Middleware.ResponseTimeMiddleware: Slow HTTP Response from "http://localhost:8096/System/Info/Public" to "172.17.0.1" in 0:00:00.5403059 with Status Code 200
[2022-09-01 01:01:59.391 +00:00] [INF] [106] Emby.Server.Implementations.ScheduledTasks.TaskManager: "IntervalTrigger" fired for task: "Optimize database"
[2022-09-01 01:01:59.391 +00:00] [INF] [115] Emby.Server.Implementations.ScheduledTasks.TaskManager: "IntervalTrigger" fired for task: "Clean Cache Directory"
[2022-09-01 01:01:59.391 +00:00] [INF] [105] Emby.Server.Implementations.ScheduledTasks.TaskManager: "IntervalTrigger" fired for task: "Refresh People"
[2022-09-01 01:01:59.391 +00:00] [INF] [107] Emby.Server.Implementations.ScheduledTasks.TaskManager: "IntervalTrigger" fired for task: "Clean Transcode Directory"
[2022-09-01 01:01:59.391 +00:00] [INF] [108] Emby.Server.Implementations.ScheduledTasks.TaskManager: "IntervalTrigger" fired for task: "Clean Log Directory"
[2022-09-01 01:01:59.408 +00:00] [INF] [105] Emby.Server.Implementations.ScheduledTasks.TaskManager: Queuing task "PeopleValidationTask"
[2022-09-01 01:01:59.408 +00:00] [INF] [106] Emby.Server.Implementations.ScheduledTasks.TaskManager: Queuing task "OptimizeDatabaseTask"
[2022-09-01 01:01:59.408 +00:00] [INF] [107] Emby.Server.Implementations.ScheduledTasks.TaskManager: Queuing task "DeleteTranscodeFileTask"
[2022-09-01 01:01:59.408 +00:00] [INF] [108] Emby.Server.Implementations.ScheduledTasks.TaskManager: Queuing task "DeleteLogFileTask"
[2022-09-01 01:01:59.413 +00:00] [INF] [112] Emby.Server.Implementations.ScheduledTasks.TaskManager: "IntervalTrigger" fired for task: "Download missing subtitles"
[2022-09-01 01:01:59.408 +00:00] [INF] [103] Emby.Server.Implementations.ScheduledTasks.TaskManager: Executing "Refresh People"
[2022-09-01 01:01:59.414 +00:00] [INF] [104] Emby.Server.Implementations.ScheduledTasks.TaskManager: "IntervalTrigger" fired for task: "Scan Media Library"
[2022-09-01 01:01:59.414 +00:00] [INF] [115] Emby.Server.Implementations.ScheduledTasks.TaskManager: Queuing task "DeleteCacheFileTask"
[2022-09-01 01:01:59.414 +00:00] [INF] [104] Emby.Server.Implementations.ScheduledTasks.TaskManager: Queuing task "RefreshMediaLibraryTask"
[2022-09-01 01:01:59.436 +00:00] [INF] [112] Emby.Server.Implementations.ScheduledTasks.TaskManager: Queuing task "SubtitleScheduledTask"
[2022-09-01 01:01:59.446 +00:00] [INF] [106] Emby.Server.Implementations.ScheduledTasks.TaskManager: Executing "Optimize database"
[2022-09-01 01:01:59.446 +00:00] [INF] [107] Emby.Server.Implementations.ScheduledTasks.TaskManager: Executing "Clean Transcode Directory"
[2022-09-01 01:01:59.446 +00:00] [INF] [105] Emby.Server.Implementations.ScheduledTasks.TaskManager: "IntervalTrigger" fired for task: "Refresh Guide"
[2022-09-01 01:01:59.447 +00:00] [INF] [108] Emby.Server.Implementations.ScheduledTasks.TaskManager: Executing "Clean Log Directory"
[2022-09-01 01:01:59.447 +00:00] [INF] [105] Emby.Server.Implementations.ScheduledTasks.TaskManager: Queuing task "RefreshGuideScheduledTask"
[2022-09-01 01:01:59.447 +00:00] [INF] [115] Emby.Server.Implementations.ScheduledTasks.TaskManager: Executing "Clean Cache Directory"
[2022-09-01 01:01:59.447 +00:00] [INF] [112] Emby.Server.Implementations.ScheduledTasks.TaskManager: Executing "Download missing subtitles"
[2022-09-01 01:01:59.447 +00:00] [INF] [105] Emby.Server.Implementations.ScheduledTasks.TaskManager: Executing "Refresh Guide"
[2022-09-01 01:01:59.447 +00:00] [INF] [104] Emby.Server.Implementations.ScheduledTasks.TaskManager: Executing "Scan Media Library"
[2022-09-01 01:01:59.804 +00:00] [INF] [107] Emby.Server.Implementations.ScheduledTasks.TaskManager: "Clean Transcode Directory" Completed after 0 minute(s) and 0 seconds
[2022-09-01 01:01:59.801 +00:00] [INF] [108] Emby.Server.Implementations.ScheduledTasks.TaskManager: "Clean Log Directory" Completed after 0 minute(s) and 0 seconds
[2022-09-01 01:01:59.899 +00:00] [INF] [104] Emby.Server.Implementations.Library.LibraryManager: Validating media library
[2022-09-01 01:01:59.940 +00:00] [INF] [106] Emby.Server.Implementations.ScheduledTasks.Tasks.OptimizeDatabaseTask: Optimizing and vacuuming jellyfin.db...
[2022-09-01 01:02:00.021 +00:00] [INF] [107] Emby.Server.Implementations.ScheduledTasks.TaskManager: ExecuteQueuedTasks
[2022-09-01 01:02:00.022 +00:00] [INF] [108] Emby.Server.Implementations.ScheduledTasks.TaskManager: ExecuteQueuedTasks
[2022-09-01 01:02:03.240 +00:00] [INF] [108] Emby.Server.Implementations.ScheduledTasks.TaskManager: "IntervalTrigger" fired for task: "TasksRefreshChannels"
[2022-09-01 01:02:03.240 +00:00] [INF] [108] Emby.Server.Implementations.ScheduledTasks.TaskManager: Queuing task "RefreshChannelsScheduledTask"
[2022-09-01 01:02:03.240 +00:00] [INF] [115] Emby.Server.Implementations.ScheduledTasks.TaskManager: "Clean Cache Directory" Completed after 0 minute(s) and 3 seconds
[2022-09-01 01:02:03.240 +00:00] [INF] [108] Emby.Server.Implementations.ScheduledTasks.TaskManager: Executing "TasksRefreshChannels"
[2022-09-01 01:02:03.241 +00:00] [INF] [115] Emby.Server.Implementations.ScheduledTasks.TaskManager: ExecuteQueuedTasks
[2022-09-01 01:02:03.504 +00:00] [INF] [112] Emby.Server.Implementations.ScheduledTasks.TaskManager: "Download missing subtitles" Completed after 0 minute(s) and 3 seconds
[2022-09-01 01:02:03.505 +00:00] [INF] [112] Emby.Server.Implementations.ScheduledTasks.TaskManager: ExecuteQueuedTasks
[2022-09-01 01:02:03.633 +00:00] [INF] [103] Emby.Server.Implementations.Library.LibraryManager: People validation complete
[2022-09-01 01:02:03.633 +00:00] [INF] [103] Emby.Server.Implementations.ScheduledTasks.TaskManager: "Refresh People" Completed after 0 minute(s) and 4 seconds
[2022-09-01 01:02:03.633 +00:00] [INF] [108] Emby.Server.Implementations.ScheduledTasks.TaskManager: "TasksRefreshChannels" Completed after 0 minute(s) and 0 seconds
[2022-09-01 01:02:03.633 +00:00] [INF] [103] Emby.Server.Implementations.ScheduledTasks.TaskManager: ExecuteQueuedTasks
[2022-09-01 01:02:03.662 +00:00] [INF] [108] Emby.Server.Implementations.ScheduledTasks.TaskManager: ExecuteQueuedTasks
[2022-09-01 01:02:04.480 +00:00] [INF] [106] Emby.Server.Implementations.ScheduledTasks.Tasks.OptimizeDatabaseTask: jellyfin.db optimized successfully!
[2022-09-01 01:02:04.480 +00:00] [INF] [106] Emby.Server.Implementations.ScheduledTasks.TaskManager: "Optimize database" Completed after 0 minute(s) and 4 seconds
[2022-09-01 01:02:04.481 +00:00] [INF] [106] Emby.Server.Implementations.ScheduledTasks.TaskManager: ExecuteQueuedTasks
[2022-09-01 01:02:07.614 +00:00] [INF] [102] Emby.Server.Implementations.LiveTv.LiveTvManager: Refreshing guide with 7 days of guide data
[2022-09-01 01:02:07.730 +00:00] [INF] [102] Emby.Server.Implementations.ScheduledTasks.TaskManager: "Refresh Guide" Completed after 0 minute(s) and 8 seconds
[2022-09-01 01:02:07.731 +00:00] [INF] [102] Emby.Server.Implementations.ScheduledTasks.TaskManager: ExecuteQueuedTasks
[2022-09-01 01:02:07.523 +00:00] [ERR] [107] Emby.Server.Implementations.Library.LibraryManager: Error running post-scan task
System.ArgumentException: Not enough valid pictures provided to create a splashscreen!
   at Jellyfin.Drawing.Skia.SplashscreenBuilder.GenerateCollage(IReadOnlyList`1 posters, IReadOnlyList`1 backdrops)
   at Jellyfin.Drawing.Skia.SplashscreenBuilder.GenerateSplash(IReadOnlyList`1 posters, IReadOnlyList`1 backdrops, String outputPath)
   at Jellyfin.Drawing.Skia.SkiaEncoder.CreateSplashscreen(IReadOnlyList`1 posters, IReadOnlyList`1 backdrops)
   at Emby.Server.Implementations.Library.SplashscreenPostScanTask.Run(IProgress`1 progress, CancellationToken cancellationToken)
   at Emby.Server.Implementations.Library.LibraryManager.RunPostScanTasks(IProgress`1 progress, CancellationToken cancellationToken)
[2022-09-01 01:02:07.965 +00:00] [INF] [107] Emby.Server.Implementations.ScheduledTasks.TaskManager: "Scan Media Library" Completed after 0 minute(s) and 8 seconds
[2022-09-01 01:02:07.965 +00:00] [INF] [107] Emby.Server.Implementations.ScheduledTasks.TaskManager: ExecuteQueuedTasks
[2022-09-01 02:00:00.007 +00:00] [INF] [145] Emby.Server.Implementations.ScheduledTasks.TaskManager: "DailyTrigger" fired for task: "Extract Chapter Images"
[2022-09-01 02:00:00.007 +00:00] [INF] [145] Emby.Server.Implementations.ScheduledTasks.TaskManager: Queuing task "ChapterImagesTask"
[2022-09-01 02:00:00.011 +00:00] [INF] [147] Emby.Server.Implementations.ScheduledTasks.TaskManager: Executing "Extract Chapter Images"
[2022-09-01 02:00:00.107 +00:00] [INF] [147] Emby.Server.Implementations.ScheduledTasks.TaskManager: "Extract Chapter Images" Completed after 0 minute(s) and 0 seconds
[2022-09-01 02:00:00.116 +00:00] [INF] [147] Emby.Server.Implementations.ScheduledTasks.TaskManager: ExecuteQueuedTasks
[2022-09-01 02:00:01.009 +00:00] [INF] [147] Emby.Server.Implementations.ScheduledTasks.TaskManager: Daily trigger for "Extract Chapter Images" set to fire at 2022-09-02 02:00:00.000 +00:00, which is 23:59:58.9903656 from now.
[2022-09-01 02:02:03.174 +00:00] [INF] [122] Emby.Server.Implementations.ScheduledTasks.TaskManager: "IntervalTrigger" fired for task: "Refresh Guide"
[2022-09-01 02:02:03.174 +00:00] [INF] [126] Emby.Server.Implementations.ScheduledTasks.TaskManager: "IntervalTrigger" fired for task: "Refresh People"
[2022-09-01 02:02:03.175 +00:00] [INF] [122] Emby.Server.Implementations.ScheduledTasks.TaskManager: Queuing task "RefreshGuideScheduledTask"
[2022-09-01 02:02:03.175 +00:00] [INF] [126] Emby.Server.Implementations.ScheduledTasks.TaskManager: Queuing task "PeopleValidationTask"
[2022-09-01 02:02:03.175 +00:00] [INF] [127] Emby.Server.Implementations.ScheduledTasks.TaskManager: Executing "Refresh Guide"
[2022-09-01 02:02:03.175 +00:00] [INF] [123] Emby.Server.Implementations.ScheduledTasks.TaskManager: "IntervalTrigger" fired for task: "Clean Cache Directory"
[2022-09-01 02:02:03.175 +00:00] [INF] [123] Emby.Server.Implementations.ScheduledTasks.TaskManager: Queuing task "DeleteCacheFileTask"
[2022-09-01 02:02:03.175 +00:00] [INF] [122] Emby.Server.Implementations.ScheduledTasks.TaskManager: Executing "Refresh People"
[2022-09-01 02:02:03.175 +00:00] [INF] [126] Emby.Server.Implementations.ScheduledTasks.TaskManager: Executing "Clean Cache Directory"
[2022-09-01 02:02:03.197 +00:00] [INF] [122] Emby.Server.Implementations.Library.LibraryManager: People validation complete
[2022-09-01 02:02:03.197 +00:00] [INF] [122] Emby.Server.Implementations.ScheduledTasks.TaskManager: "Refresh People" Completed after 0 minute(s) and 0 seconds
[2022-09-01 02:02:03.197 +00:00] [INF] [122] Emby.Server.Implementations.ScheduledTasks.TaskManager: ExecuteQueuedTasks
[2022-09-01 02:02:03.242 +00:00] [INF] [123] Emby.Server.Implementations.ScheduledTasks.TaskManager: "IntervalTrigger" fired for task: "Scan Media Library"
[2022-09-01 02:02:03.242 +00:00] [INF] [123] Emby.Server.Implementations.ScheduledTasks.TaskManager: Queuing task "RefreshMediaLibraryTask"
[2022-09-01 02:02:03.242 +00:00] [INF] [122] Emby.Server.Implementations.ScheduledTasks.TaskManager: Executing "Scan Media Library"
[2022-09-01 02:02:03.245 +00:00] [INF] [122] Emby.Server.Implementations.Library.LibraryManager: Validating media library
[2022-09-01 02:02:03.285 +00:00] [INF] [123] Emby.Server.Implementations.ScheduledTasks.TaskManager: "IntervalTrigger" fired for task: "Optimize database"
[2022-09-01 02:02:03.285 +00:00] [INF] [127] Emby.Server.Implementations.ScheduledTasks.TaskManager: "IntervalTrigger" fired for task: "Download missing subtitles"
[2022-09-01 02:02:03.285 +00:00] [INF] [123] Emby.Server.Implementations.ScheduledTasks.TaskManager: Queuing task "OptimizeDatabaseTask"
[2022-09-01 02:02:03.286 +00:00] [INF] [120] Emby.Server.Implementations.ScheduledTasks.TaskManager: Executing "Optimize database"
[2022-09-01 02:02:03.286 +00:00] [INF] [120] Emby.Server.Implementations.ScheduledTasks.Tasks.OptimizeDatabaseTask: Optimizing and vacuuming jellyfin.db...
[2022-09-01 02:02:03.296 +00:00] [INF] [127] Emby.Server.Implementations.ScheduledTasks.TaskManager: Queuing task "SubtitleScheduledTask"
[2022-09-01 02:02:03.296 +00:00] [INF] [127] Emby.Server.Implementations.ScheduledTasks.TaskManager: Executing "Download missing subtitles"
[2022-09-01 02:02:03.332 +00:00] [INF] [126] Emby.Server.Implementations.ScheduledTasks.TaskManager: "Clean Cache Directory" Completed after 0 minute(s) and 0 seconds
[2022-09-01 02:02:03.333 +00:00] [INF] [126] Emby.Server.Implementations.ScheduledTasks.TaskManager: ExecuteQueuedTasks
[2022-09-01 02:02:03.458 +00:00] [INF] [127] Emby.Server.Implementations.ScheduledTasks.TaskManager: "Download missing subtitles" Completed after 0 minute(s) and 0 seconds
[2022-09-01 02:02:03.459 +00:00] [INF] [127] Emby.Server.Implementations.ScheduledTasks.TaskManager: ExecuteQueuedTasks
[2022-09-01 02:02:03.630 +00:00] [INF] [120] Emby.Server.Implementations.ScheduledTasks.Tasks.OptimizeDatabaseTask: jellyfin.db optimized successfully!
[2022-09-01 02:02:03.631 +00:00] [INF] [120] Emby.Server.Implementations.ScheduledTasks.TaskManager: "Optimize database" Completed after 0 minute(s) and 0 seconds
[2022-09-01 02:02:03.632 +00:00] [INF] [120] Emby.Server.Implementations.ScheduledTasks.TaskManager: ExecuteQueuedTasks
[2022-09-01 02:02:03.630 +00:00] [ERR] [127] Emby.Server.Implementations.Library.LibraryManager: Error running post-scan task
System.ArgumentException: Not enough valid pictures provided to create a splashscreen!
   at Jellyfin.Drawing.Skia.SplashscreenBuilder.GenerateCollage(IReadOnlyList`1 posters, IReadOnlyList`1 backdrops)
   at Jellyfin.Drawing.Skia.SplashscreenBuilder.GenerateSplash(IReadOnlyList`1 posters, IReadOnlyList`1 backdrops, String outputPath)
   at Jellyfin.Drawing.Skia.SkiaEncoder.CreateSplashscreen(IReadOnlyList`1 posters, IReadOnlyList`1 backdrops)
   at Emby.Server.Implementations.Library.SplashscreenPostScanTask.Run(IProgress`1 progress, CancellationToken cancellationToken)
   at Emby.Server.Implementations.Library.LibraryManager.RunPostScanTasks(IProgress`1 progress, CancellationToken cancellationToken)
[2022-09-01 02:02:03.668 +00:00] [INF] [127] Emby.Server.Implementations.ScheduledTasks.TaskManager: "Scan Media Library" Completed after 0 minute(s) and 0 seconds
[2022-09-01 02:02:03.669 +00:00] [INF] [127] Emby.Server.Implementations.ScheduledTasks.TaskManager: ExecuteQueuedTasks
[2022-09-01 02:02:06.206 +00:00] [INF] [127] Emby.Server.Implementations.LiveTv.LiveTvManager: Refreshing guide with 7 days of guide data
[2022-09-01 02:02:06.206 +00:00] [INF] [127] Emby.Server.Implementations.ScheduledTasks.TaskManager: "Refresh Guide" Completed after 0 minute(s) and 3 seconds
[2022-09-01 02:02:06.207 +00:00] [INF] [127] Emby.Server.Implementations.ScheduledTasks.TaskManager: ExecuteQueuedTasks
